<?xml version="1.0" encoding="UTF-8" ?>
<testsuites>
  <testsuite errors="1" failures="1" hostname="basanta-Lenovo-B490" id="0" name="TrackingServiceTest" package="com.trackerTest" skipped="0" tests="5" time="0.375" timestamp="2018-06-30T13:31:03">
      <properties>
[...]
</properties>

      <testcase classname="com.trackerTest.TrackingServiceTest" name="goalLessThanZero" time="0.038">
          <failure message="Expected test to throw (an instance of com.tracker.InvalidGoalException and exception with message a string containing &quot;Less than Zero&quot;)" type="junit.framework.AssertionFailedError">junit.framework.AssertionFailedError: Expected test to throw (an instance of com.tracker.InvalidGoalException and exception with message a string containing &quot;Less than Zero&quot;)
	at java.util.concurrent.FutureTask.run(FutureTask.java:266)
	at java.lang.Thread.run(Thread.java:748)
</failure>

      </testcase>

      <testcase classname="com.trackerTest.TrackingServiceTest" name="testTotalIsZero" time="0.001" />

      <testcase classname="com.trackerTest.TrackingServiceTest" name="testRemoveProtein" time="0.001" />

      <testcase classname="com.trackerTest.TrackingServiceTest" name="badTest" time="0.21">
          <error message="test timed out after 200 milliseconds" type="org.junit.runners.model.TestTimedOutException">org.junit.runners.model.TestTimedOutException: test timed out after 200 milliseconds
	at com.tracker.TrackingService.addProtein(TrackingService.java:15)
	at com.trackerTest.TrackingServiceTest.badTest(TrackingServiceTest.java:85)
	at java.util.concurrent.FutureTask.run(FutureTask.java:266)
	at java.lang.Thread.run(Thread.java:748)
</error>

      </testcase>

      <testcase classname="com.trackerTest.TrackingServiceTest" name="testAddProtein" time="0.005" />

      <system-out><![CDATA[Before Class
Before
After
Before
After
Before
After
Before
Before
After
After Class
]]></system-out>

      <system-err><![CDATA[]]></system-err>

  </testsuite>
</testsuites>
